Figwheel: focusing on build-ids (dev)
[0mCompiling "resources/public/js/speicher.js" from ["src"]...
[32mSuccessfully compiled "resources/public/js/speicher.js" in 0.154 seconds.[0m
notifying browser that file changed:  /js/speicher.js
notifying browser that file changed:  /js/out/goog/deps.js
notifying browser that file changed:  /js/out/client.js
notifying browser that file changed:  /js/out/render.js
[0mCompiling "resources/public/js/speicher.js" from ["src"]...
[32mSuccessfully compiled "resources/public/js/speicher.js" in 0.889 seconds.[0m
notifying browser that file changed:  /js/out/client.js
[0mCompiling "resources/public/js/speicher.js" from ["src"]...
[32mSuccessfully compiled "resources/public/js/speicher.js" in 0.622 seconds.[0m
notifying browser that file changed:  /js/out/client.js
[0mCompiling "resources/public/js/speicher.js" from ["src"]...
[32mSuccessfully compiled "resources/public/js/speicher.js" in 0.575 seconds.[0m
notifying browser that file changed:  /js/out/client.js
[0mCompiling "resources/public/js/speicher.js" from ["src"]...
[32mSuccessfully compiled "resources/public/js/speicher.js" in 0.639 seconds.[0m
notifying browser that file changed:  /js/out/render.js
[0mCompiling "resources/public/js/speicher.js" from ["src"]...
[32mSuccessfully compiled "resources/public/js/speicher.js" in 0.59 seconds.[0m
notifying browser that file changed:  /js/out/render.js
[0mCompiling "resources/public/js/speicher.js" from ["src"]...
[32mSuccessfully compiled "resources/public/js/speicher.js" in 0.577 seconds.[0m
notifying browser that file changed:  /js/out/client.js
[0mCompiling "resources/public/js/speicher.js" from ["src"]...
[32mSuccessfully compiled "resources/public/js/speicher.js" in 0.58 seconds.[0m
notifying browser that file changed:  /js/out/client.js
Figwheel: focusing on build-ids (dev)
[0mCompiling "resources/public/js/speicher.js" from ["src"]...
[32mSuccessfully compiled "resources/public/js/speicher.js" in 0.159 seconds.[0m
notifying browser that file changed:  /js/speicher.js
notifying browser that file changed:  /js/out/goog/deps.js
notifying browser that file changed:  /js/out/client.js
notifying browser that file changed:  /js/out/render.js
[0mCompiling "resources/public/js/speicher.js" from ["src"]...
[32mSuccessfully compiled "resources/public/js/speicher.js" in 0.169 seconds.[0m
notifying browser that file changed:  /js/out/client.js
Figwheel: focusing on build-ids (dev)
[0mCompiling "resources/public/js/speicher.js" from ["src"]...
[32mSuccessfully compiled "resources/public/js/speicher.js" in 0.161 seconds.[0m
notifying browser that file changed:  /js/speicher.js
notifying browser that file changed:  /js/out/goog/deps.js
notifying browser that file changed:  /js/out/client.js
notifying browser that file changed:  /js/out/render.js
[0mCompiling "resources/public/js/speicher.js" from ["src"]...
[32mSuccessfully compiled "resources/public/js/speicher.js" in 0.302 seconds.[0m
notifying browser that file changed:  /js/out/client.js
[0mCompiling "resources/public/js/speicher.js" from ["src"]...
[32mSuccessfully compiled "resources/public/js/speicher.js" in 0.922 seconds.[0m
notifying browser that file changed:  /js/out/client.js
[0mCompiling "resources/public/js/speicher.js" from ["src"]...
[32mSuccessfully compiled "resources/public/js/speicher.js" in 0.66 seconds.[0m
notifying browser that file changed:  /js/out/render.js
Figwheel: focusing on build-ids (dev)
[0mCompiling "resources/public/js/speicher.js" from ["src" "dev_src" "tests/speicher"]...
[32mSuccessfully compiled "resources/public/js/speicher.js" in 0.295 seconds.[0m
notifying browser that file changed:  resources/public/js/out/goog/deps.js
notifying browser that file changed:  resources/public/js/out/cljs_deps.js
notifying browser that file changed:  /speicher/render.js
notifying browser that file changed:  /speicher/client.js
notifying browser that file changed:  /speicher/client_test.js
notifying browser that file changed:  /speicher/dev.js
Figwheel: focusing on build-ids (dev)
[0mCompiling "resources/public/js/speicher.js" from ["src" "dev_src" "tests/speicher"]...
[32mSuccessfully compiled "resources/public/js/speicher.js" in 0.268 seconds.[0m
notifying browser that file changed:  resources/public/js/out/goog/deps.js
notifying browser that file changed:  resources/public/js/out/cljs_deps.js
notifying browser that file changed:  /speicher/render.js
notifying browser that file changed:  /speicher/client.js
notifying browser that file changed:  /speicher/client_test.js
notifying browser that file changed:  /speicher/dev.js
[0mCompiling "resources/public/js/speicher.js" from ["src" "dev_src" "tests/speicher"]...
[31mCompiling "resources/public/js/speicher.js" failed.[0m
[31mjava.lang.AssertionError: [39m[31mAssert failed: file:/Users/monte/Developer/speicher/src/speicher/untitled.cljs does not provide a namespace
(first provides)[39m
[32m             closure.clj:272 cljs.closure/javascript-file[39m
[32m             closure.clj:285 cljs.closure/map->javascript-file[39m
[32m             closure.clj:319 cljs.closure/compiled-file[39m
[35m               core.clj:2557 clojure.core/map[fn][39m
[36m             LazySeq.java:40 clojure.lang.LazySeq.sval[39m
[36m             LazySeq.java:49 clojure.lang.LazySeq.seq[39m
[36m                 RT.java:484 clojure.lang.RT.seq[39m
[35m                core.clj:133 clojure.core/seq[39m
[35m                core.clj:685 clojure.core/concat[fn][39m
[36m             LazySeq.java:40 clojure.lang.LazySeq.sval[39m
[36m             LazySeq.java:49 clojure.lang.LazySeq.seq[39m
[36m                 RT.java:484 clojure.lang.RT.seq[39m
[35m                core.clj:133 clojure.core/seq[39m
[35m                core.clj:694 clojure.core/concat[fn][39m
[36m             LazySeq.java:40 clojure.lang.LazySeq.sval[39m
[36m             LazySeq.java:49 clojure.lang.LazySeq.seq[39m
[36m                 RT.java:484 clojure.lang.RT.seq[39m
[35m                core.clj:133 clojure.core/seq[39m
[35m               core.clj:2855 clojure.core/dorun[39m
[35m               core.clj:2871 clojure.core/doall[39m
[32m            closure.clj:1087 cljs.closure/build[39m
[32m                core.clj:150 clojurescript-build.core/build-source-paths*[39m
[32m         auto_builder.clj:59 figwheel-sidecar.auto-builder/warning[fn][39m
[32m                 auto.clj:55 clojurescript-build.auto/time-build[fn][39m
[32m                 auto.clj:64 clojurescript-build.auto/after[fn][39m
[32m                 auto.clj:64 clojurescript-build.auto/after[fn][39m
[32m                 auto.clj:64 clojurescript-build.auto/after[fn][39m
[32m                 auto.clj:71 clojurescript-build.auto/error[fn][39m
[32m                 auto.clj:60 clojurescript-build.auto/before[fn][39m
[32m                auto.clj:103 clojurescript-build.auto/make-conditional-builder[fn][39m
[35m               core.clj:6353 clojure.core/mapv[fn][39m
[36m          ArrayChunk.java:58 clojure.lang.ArrayChunk.reduce[39m
[35m            protocols.clj:98 clojure.core.protocols/fn[39m
[35m            protocols.clj:19 clojure.core.protocols/fn[fn][39m
[35m            protocols.clj:31 clojure.core.protocols/seq-reduce[39m
[35m            protocols.clj:60 clojure.core.protocols/fn[39m
[35m            protocols.clj:13 clojure.core.protocols/fn[fn][39m
[35m               core.clj:6289 clojure.core/reduce[39m
[35m               core.clj:6353 clojure.core/mapv[39m
[32m                auto.clj:184 clojurescript-build.auto/autobuild*[fn][39m
[32m                auto.clj:177 clojurescript-build.auto/autobuild*[fn][39m
[35m          ioc_macros.clj:940 clojure.core.async.impl.ioc-macros/run-state-machine[39m
[35m          ioc_macros.clj:944 clojure.core.async.impl.ioc-macros/run-state-machine-wrapped[39m
[35m               async.clj:362 clojure.core.async/ioc-alts![fn][39m
[35m               async.clj:231 clojure.core.async/do-alts[fn][39m
[35m            channels.clj:262 clojure.core.async.impl.channels.ManyToManyChannel/fn[39m
[36m                 AFn.java:22 clojure.lang.AFn.run[39m
[34mThreadPoolExecutor.java:1145 java.util.concurrent.ThreadPoolExecutor.runWorker[39m
[34m ThreadPoolExecutor.java:615 java.util.concurrent.ThreadPoolExecutor$Worker.run[39m
[34m             Thread.java:745 java.lang.Thread.run[39m
[0mCompiling "resources/public/js/speicher.js" from ["src" "dev_src" "tests/speicher"]...
[31mCompiling "resources/public/js/speicher.js" failed.[0m
[31mjava.lang.AssertionError: [39m[31mAssert failed: file:/Users/monte/Developer/speicher/src/speicher/dev.cljs does not provide a namespace
(first provides)[39m
[32m             closure.clj:272 cljs.closure/javascript-file[39m
[32m             closure.clj:285 cljs.closure/map->javascript-file[39m
[32m             closure.clj:319 cljs.closure/compiled-file[39m
[35m               core.clj:2557 clojure.core/map[fn][39m
[36m             LazySeq.java:40 clojure.lang.LazySeq.sval[39m
[36m             LazySeq.java:49 clojure.lang.LazySeq.seq[39m
[36m                 RT.java:484 clojure.lang.RT.seq[39m
[35m                core.clj:133 clojure.core/seq[39m
[35m                core.clj:685 clojure.core/concat[fn][39m
[36m             LazySeq.java:40 clojure.lang.LazySeq.sval[39m
[36m             LazySeq.java:49 clojure.lang.LazySeq.seq[39m
[36m                 RT.java:484 clojure.lang.RT.seq[39m
[35m                core.clj:133 clojure.core/seq[39m
[35m                core.clj:694 clojure.core/concat[fn][39m
[36m             LazySeq.java:40 clojure.lang.LazySeq.sval[39m
[36m             LazySeq.java:49 clojure.lang.LazySeq.seq[39m
[36m                 RT.java:484 clojure.lang.RT.seq[39m
[35m                core.clj:133 clojure.core/seq[39m
[35m               core.clj:2855 clojure.core/dorun[39m
[35m               core.clj:2871 clojure.core/doall[39m
[32m            closure.clj:1087 cljs.closure/build[39m
[32m                core.clj:150 clojurescript-build.core/build-source-paths*[39m
[32m         auto_builder.clj:59 figwheel-sidecar.auto-builder/warning[fn][39m
[32m                 auto.clj:55 clojurescript-build.auto/time-build[fn][39m
[32m                 auto.clj:64 clojurescript-build.auto/after[fn][39m
[32m                 auto.clj:64 clojurescript-build.auto/after[fn][39m
[32m                 auto.clj:64 clojurescript-build.auto/after[fn][39m
[32m                 auto.clj:71 clojurescript-build.auto/error[fn][39m
[32m                 auto.clj:60 clojurescript-build.auto/before[fn][39m
[32m                auto.clj:103 clojurescript-build.auto/make-conditional-builder[fn][39m
[35m               core.clj:6353 clojure.core/mapv[fn][39m
[36m          ArrayChunk.java:58 clojure.lang.ArrayChunk.reduce[39m
[35m            protocols.clj:98 clojure.core.protocols/fn[39m
[35m            protocols.clj:19 clojure.core.protocols/fn[fn][39m
[35m            protocols.clj:31 clojure.core.protocols/seq-reduce[39m
[35m            protocols.clj:60 clojure.core.protocols/fn[39m
[35m            protocols.clj:13 clojure.core.protocols/fn[fn][39m
[35m               core.clj:6289 clojure.core/reduce[39m
[35m               core.clj:6353 clojure.core/mapv[39m
[32m                auto.clj:184 clojurescript-build.auto/autobuild*[fn][39m
[32m                auto.clj:177 clojurescript-build.auto/autobuild*[fn][39m
[35m          ioc_macros.clj:940 clojure.core.async.impl.ioc-macros/run-state-machine[39m
[35m          ioc_macros.clj:944 clojure.core.async.impl.ioc-macros/run-state-machine-wrapped[39m
[35m               async.clj:362 clojure.core.async/ioc-alts![fn][39m
[35m               async.clj:231 clojure.core.async/do-alts[fn][39m
[35m            channels.clj:262 clojure.core.async.impl.channels.ManyToManyChannel/fn[39m
[36m                 AFn.java:22 clojure.lang.AFn.run[39m
[34mThreadPoolExecutor.java:1145 java.util.concurrent.ThreadPoolExecutor.runWorker[39m
[34m ThreadPoolExecutor.java:615 java.util.concurrent.ThreadPoolExecutor$Worker.run[39m
[34m             Thread.java:745 java.lang.Thread.run[39m
[0mCompiling "resources/public/js/speicher.js" from ["src" "dev_src" "tests/speicher"]...
[32mSuccessfully compiled "resources/public/js/speicher.js" in 0.35 seconds.[0m
notifying browser that file changed:  /speicher/client.js
notifying browser that file changed:  /speicher/dev.js
Figwheel: focusing on build-ids (dev)
[0mCompiling "resources/public/js/speicher.js" from ["src" "dev_src" "tests/speicher"]...
[32mSuccessfully compiled "resources/public/js/speicher.js" in 0.315 seconds.[0m
notifying browser that file changed:  resources/public/js/out/goog/deps.js
notifying browser that file changed:  resources/public/js/out/cljs_deps.js
notifying browser that file changed:  /speicher/render.js
notifying browser that file changed:  /speicher/client.js
notifying browser that file changed:  /speicher/client_test.js
notifying browser that file changed:  /speicher/dev.js
[0mCompiling "resources/public/js/speicher.js" from ["src" "dev_src" "tests/speicher"]...
[32mSuccessfully compiled "resources/public/js/speicher.js" in 1.03 seconds.[0m
notifying browser that file changed:  /speicher/client.js
notifying browser that file changed:  /speicher/client_test.js
notifying browser that file changed:  /speicher/dev.js
notifying browser that file changed:  /cljs/user.js
[0mCompiling "resources/public/js/speicher.js" from ["src" "dev_src" "tests/speicher"]...
[32mSuccessfully compiled "resources/public/js/speicher.js" in 0.93 seconds.[0m
notifying browser that file changed:  /speicher/client.js
notifying browser that file changed:  /speicher/client_test.js
notifying browser that file changed:  /speicher/dev.js
notifying browser that file changed:  /cljs/user.js
[0mCompiling "resources/public/js/speicher.js" from ["src" "dev_src" "tests/speicher"]...
[32mSuccessfully compiled "resources/public/js/speicher.js" in 0.337 seconds.[0m
notifying browser that file changed:  /speicher/client.js
notifying browser that file changed:  /speicher/client_test.js
notifying browser that file changed:  /cljs/user.js
[0mCompiling "resources/public/js/speicher.js" from ["src" "dev_src" "tests/speicher"]...
WARNING: test already refers to: cljs.core/test being replaced by: speicher.client/test at line 30 src/speicher/client.cljs
[32mSuccessfully compiled "resources/public/js/speicher.js" in 0.967 seconds.[0m
notifying browser that file changed:  /speicher/client.js
notifying browser that file changed:  /speicher/client_test.js
notifying browser that file changed:  /speicher/dev.js
notifying browser that file changed:  /cljs/user.js
[0mCompiling "resources/public/js/speicher.js" from ["src" "dev_src" "tests/speicher"]...
[31mCompiling "resources/public/js/speicher.js" failed.[0m
[31mjava.io.FileNotFoundException: [39m[31mtests/speicher (No such file or directory)[39m
[34m             (Unknown Source) java.io.FileInputStream.open[39m
[34m     FileInputStream.java:146 java.io.FileInputStream.<init>[39m
[35m                   io.clj:229 clojure.java.io/fn[39m
[35m                    io.clj:69 clojure.java.io/fn[fn][39m
[35m                   io.clj:165 clojure.java.io/fn[39m
[35m                    io.clj:69 clojure.java.io/fn[fn][39m
[35m                   io.clj:102 clojure.java.io/reader[39m
[36m              RestFn.java:410 clojure.lang.RestFn.invoke[39m
[32m            analyzer.clj:1787 cljs.analyzer/forms-seq[39m
[32m            analyzer.clj:1785 cljs.analyzer/forms-seq[39m
[32m            analyzer.clj:1784 cljs.analyzer/forms-seq[39m
[32m              closure.clj:342 cljs.closure/compile-file[39m
[32m              closure.clj:391 cljs.closure/eval12045[fn][39m
[32m              closure.clj:298 cljs.closure/eval11981[fn][39m
[32m              closure.clj:404 cljs.closure/eval12032[fn][39m
[32m              closure.clj:298 cljs.closure/eval11981[fn][39m
[32m                  core.clj:18 clojurescript-build.core.CompilableSourcePaths/fn[39m
[35m                core.clj:2557 clojure.core/map[fn][39m
[36m              LazySeq.java:40 clojure.lang.LazySeq.sval[39m
[36m              LazySeq.java:49 clojure.lang.LazySeq.seq[39m
[36m                  RT.java:484 clojure.lang.RT.seq[39m
[35m                 core.clj:133 clojure.core/seq[39m
[35m                 core.clj:624 clojure.core/apply[39m
[35m                core.clj:2586 clojure.core/mapcat[39m
[36m              RestFn.java:423 clojure.lang.RestFn.invoke[39m
[32m                  core.clj:18 clojurescript-build.core/clojurescript-build.core.CompilableSourcePaths[39m
[32m             closure.clj:1087 cljs.closure/build[39m
[32m                 core.clj:150 clojurescript-build.core/build-source-paths*[39m
[32m          auto_builder.clj:59 figwheel-sidecar.auto-builder/warning[fn][39m
[32m                  auto.clj:55 clojurescript-build.auto/time-build[fn][39m
[32m                  auto.clj:64 clojurescript-build.auto/after[fn][39m
[32m                  auto.clj:64 clojurescript-build.auto/after[fn][39m
[32m                  auto.clj:64 clojurescript-build.auto/after[fn][39m
[32m                  auto.clj:71 clojurescript-build.auto/error[fn][39m
[32m                  auto.clj:60 clojurescript-build.auto/before[fn][39m
[32m                 auto.clj:103 clojurescript-build.auto/make-conditional-builder[fn][39m
[35m                core.clj:6353 clojure.core/mapv[fn][39m
[36m           ArrayChunk.java:58 clojure.lang.ArrayChunk.reduce[39m
[35m             protocols.clj:98 clojure.core.protocols/fn[39m
[35m             protocols.clj:19 clojure.core.protocols/fn[fn][39m
[35m             protocols.clj:31 clojure.core.protocols/seq-reduce[39m
[35m             protocols.clj:60 clojure.core.protocols/fn[39m
[35m             protocols.clj:13 clojure.core.protocols/fn[fn][39m
[35m                core.clj:6289 clojure.core/reduce[39m
[35m                core.clj:6353 clojure.core/mapv[39m
[32m                 auto.clj:184 clojurescript-build.auto/autobuild*[fn][39m
[32m                 auto.clj:177 clojurescript-build.auto/autobuild*[fn][39m
[35m           ioc_macros.clj:940 clojure.core.async.impl.ioc-macros/run-state-machine[39m
[35m           ioc_macros.clj:944 clojure.core.async.impl.ioc-macros/run-state-machine-wrapped[39m
[35m                async.clj:362 clojure.core.async/ioc-alts![fn][39m
[35m                async.clj:231 clojure.core.async/do-alts[fn][39m
[35m             channels.clj:262 clojure.core.async.impl.channels.ManyToManyChannel/fn[39m
[36m                  AFn.java:22 clojure.lang.AFn.run[39m
[34m ThreadPoolExecutor.java:1145 java.util.concurrent.ThreadPoolExecutor.runWorker[39m
[34m  ThreadPoolExecutor.java:615 java.util.concurrent.ThreadPoolExecutor$Worker.run[39m
[34m              Thread.java:745 java.lang.Thread.run[39m
Figwheel: focusing on build-ids (dev)
[0mCompiling "resources/public/js/speicher.js" from ["src" "dev_src" "test"]...
[32mSuccessfully compiled "resources/public/js/speicher.js" in 0.342 seconds.[0m
notifying browser that file changed:  resources/public/js/out/goog/deps.js
notifying browser that file changed:  resources/public/js/out/cljs_deps.js
notifying browser that file changed:  /speicher/render.js
notifying browser that file changed:  /speicher/client.js
notifying browser that file changed:  /speicher/client_test.js
notifying browser that file changed:  /speicher/dev.js
