0 info it worked if it ends with ok
1 verbose cli [ '/usr/local/bin/node',
1 verbose cli   '/usr/local/bin/npm',
1 verbose cli   'install',
1 verbose cli   'webpage' ]
2 info using npm@1.4.14
3 info using node@v0.10.29
4 verbose cache add [ 'webpage', null ]
5 verbose cache add name=undefined spec="webpage" args=["webpage",null]
6 verbose parsed url { protocol: null,
6 verbose parsed url   slashes: null,
6 verbose parsed url   auth: null,
6 verbose parsed url   host: null,
6 verbose parsed url   port: null,
6 verbose parsed url   hostname: null,
6 verbose parsed url   hash: null,
6 verbose parsed url   search: null,
6 verbose parsed url   query: null,
6 verbose parsed url   pathname: 'webpage',
6 verbose parsed url   path: 'webpage',
6 verbose parsed url   href: 'webpage' }
7 silly lockFile c3c0e61b-webpage webpage
8 verbose lock webpage /Users/monte/.npm/c3c0e61b-webpage.lock
9 silly lockFile c3c0e61b-webpage webpage
10 silly lockFile c3c0e61b-webpage webpage
11 verbose addNamed [ 'webpage', '' ]
12 verbose addNamed [ null, '*' ]
13 silly lockFile 92ce8f44-webpage webpage@
14 verbose lock webpage@ /Users/monte/.npm/92ce8f44-webpage.lock
15 silly addNameRange { name: 'webpage', range: '*', hasData: false }
16 verbose url raw webpage
17 verbose url resolving [ 'https://registry.npmjs.org/', './webpage' ]
18 verbose url resolved https://registry.npmjs.org/webpage
19 info trying registry request attempt 1 at 19:43:20
20 http GET https://registry.npmjs.org/webpage
21 http 404 https://registry.npmjs.org/webpage
22 verbose headers { date: 'Wed, 18 Feb 2015 00:43:20 GMT',
22 verbose headers   server: 'CouchDB/1.5.0 (Erlang OTP/R16B03)',
22 verbose headers   'content-type': 'application/json',
22 verbose headers   'cache-control': 'max-age=0',
22 verbose headers   'content-length': '52',
22 verbose headers   'accept-ranges': 'bytes',
22 verbose headers   via: '1.1 varnish',
22 verbose headers   age: '0',
22 verbose headers   'x-served-by': 'cache-jfk1020-JFK',
22 verbose headers   'x-cache': 'MISS',
22 verbose headers   'x-cache-hits': '0',
22 verbose headers   'x-timer': 'S1424220200.137836,VS0,VE16',
22 verbose headers   'keep-alive': 'timeout=10, max=50',
22 verbose headers   connection: 'Keep-Alive' }
23 silly registry.get cb [ 404,
23 silly registry.get   { date: 'Wed, 18 Feb 2015 00:43:20 GMT',
23 silly registry.get     server: 'CouchDB/1.5.0 (Erlang OTP/R16B03)',
23 silly registry.get     'content-type': 'application/json',
23 silly registry.get     'cache-control': 'max-age=0',
23 silly registry.get     'content-length': '52',
23 silly registry.get     'accept-ranges': 'bytes',
23 silly registry.get     via: '1.1 varnish',
23 silly registry.get     age: '0',
23 silly registry.get     'x-served-by': 'cache-jfk1020-JFK',
23 silly registry.get     'x-cache': 'MISS',
23 silly registry.get     'x-cache-hits': '0',
23 silly registry.get     'x-timer': 'S1424220200.137836,VS0,VE16',
23 silly registry.get     'keep-alive': 'timeout=10, max=50',
23 silly registry.get     connection: 'Keep-Alive' } ]
24 silly lockFile 92ce8f44-webpage webpage@
25 silly lockFile 92ce8f44-webpage webpage@
26 error 404 404 Not Found: webpage
26 error 404
26 error 404 'webpage' is not in the npm registry.
26 error 404 You should bug the author to publish it
26 error 404
26 error 404 Note that you can also install from a
26 error 404 tarball, folder, or http url, or git url.
27 error System Darwin 14.1.0
28 error command "/usr/local/bin/node" "/usr/local/bin/npm" "install" "webpage"
29 error cwd /Users/monte/Developer/speicher
30 error node -v v0.10.29
31 error npm -v 1.4.14
32 error code E404
33 verbose exit [ 1, true ]
